c:\users\kosti\source\repos\oop2_2019270544\bin\intermediates\x64\release\vc142.pdb
c:\users\kosti\source\repos\oop2_2019270544\bin\intermediates\x64\release\mainview.obj
c:\users\kosti\source\repos\oop2_2019270544\bin\intermediates\x64\release\preduzece2.obj
c:\users\kosti\source\repos\oop2_2019270544\bin\intermediates\x64\release\odeljnje.obj
c:\users\kosti\source\repos\oop2_2019270544\bin\intermediates\x64\release\mysqlconnector.obj
c:\users\kosti\source\repos\oop2_2019270544\bin\intermediates\x64\release\main.obj
c:\users\kosti\source\repos\oop2_2019270544\bin\intermediates\x64\release\revizor.obj
c:\users\kosti\source\repos\oop2_2019270544\bin\intermediates\x64\release\radnik.obj
c:\users\kosti\source\repos\oop2_2019270544\bin\intermediates\x64\release\racunovodja.obj
c:\users\kosti\source\repos\oop2_2019270544\bin\intermediates\x64\release\poslovnikontakt.obj
c:\users\kosti\source\repos\oop2_2019270544\bin\intermediates\x64\release\komercijalista.obj
c:\users\kosti\source\repos\oop2_2019270544\bin\x64\release\oop2_2019270544.ipdb
c:\users\kosti\source\repos\oop2_2019270544\bin\x64\release\oop2_2019270544.iobj
c:\users\kosti\source\repos\oop2_2019270544\bin\intermediates\x64\release\oop2_2019270544.res
c:\users\kosti\source\repos\oop2_2019270544\\bin\x64\release\oop2_2019270544.pdb
c:\users\kosti\source\repos\oop2_2019270544\\bin\x64\release\oop2_2019270544.exe
c:\users\kosti\source\repos\oop2_2019270544\bin\intermediates\x64\release\oop2_2019270544.tlog\cl.command.1.tlog
c:\users\kosti\source\repos\oop2_2019270544\bin\intermediates\x64\release\oop2_2019270544.tlog\cl.read.1.tlog
c:\users\kosti\source\repos\oop2_2019270544\bin\intermediates\x64\release\oop2_2019270544.tlog\cl.write.1.tlog
c:\users\kosti\source\repos\oop2_2019270544\bin\intermediates\x64\release\oop2_2019270544.tlog\link.command.1.tlog
c:\users\kosti\source\repos\oop2_2019270544\bin\intermediates\x64\release\oop2_2019270544.tlog\link.read.1.tlog
c:\users\kosti\source\repos\oop2_2019270544\bin\intermediates\x64\release\oop2_2019270544.tlog\link.write.1.tlog
c:\users\kosti\source\repos\oop2_2019270544\bin\intermediates\x64\release\oop2_2019270544.tlog\oop2_2019270544.write.1u.tlog
c:\users\kosti\source\repos\oop2_2019270544\bin\intermediates\x64\release\oop2_2019270544.tlog\rc.command.1.tlog
c:\users\kosti\source\repos\oop2_2019270544\bin\intermediates\x64\release\oop2_2019270544.tlog\rc.read.1.tlog
c:\users\kosti\source\repos\oop2_2019270544\bin\intermediates\x64\release\oop2_2019270544.tlog\rc.write.1.tlog
